<?xml version="1.0" encoding="UTF-8"?>
<!-- Generated by org.testng.reporters.JUnitReportReporter -->
<testsuite hostname="DESKTOP-6OI3343" name="org.sample.Testproject" tests="4" failures="0" timestamp="1 Jan 2021 13:45:01 GMT" time="0.079" errors="0">
  <testcase name="test2" time="0.000" classname="org.sample.Testproject"/>
  <testcase name="test1" time="0.032" classname="org.sample.Testproject"/>
  <testcase name="test4" time="0.016" classname="org.sample.Testproject"/>
  <testcase name="test3" time="0.031" classname="org.sample.Testproject"/>
</testsuite> <!-- org.sample.Testproject -->
