<?xml version="1.0" encoding="UTF-8"?>
<!-- Generated by org.testng.reporters.JUnitReportReporter -->
<testsuite hostname="DESKTOP-6OI3343" name="org.sample.Sampledataprovider" tests="3" failures="0" timestamp="11 Jan 2021 13:49:46 GMT" time="9.711" errors="0">
  <testcase name="test1" time="2.282" classname="org.sample.Sampledataprovider"/>
  <testcase name="test1" time="5.057" classname="org.sample.Sampledataprovider"/>
  <testcase name="test1" time="2.372" classname="org.sample.Sampledataprovider"/>
</testsuite> <!-- org.sample.Sampledataprovider -->
