<?xml version="1.0" encoding="UTF-8"?>
<!-- Generated by org.testng.reporters.JUnitReportReporter -->
<testsuite hostname="DESKTOP-6OI3343" name="org.sample.Groupb" tests="2" failures="0" timestamp="7 Jan 2021 10:28:31 GMT" time="0.047" errors="0">
  <testcase name="test3" time="0.016" classname="org.sample.Groupb"/>
  <testcase name="test1" time="0.031" classname="org.sample.Groupb"/>
</testsuite> <!-- org.sample.Groupb -->
