<?xml version="1.0" encoding="UTF-8"?>
<!-- Generated by org.testng.reporters.JUnitReportReporter -->
<testsuite hostname="DESKTOP-6OI3343" name="org.sample.Groupc" tests="1" failures="0" timestamp="7 Jan 2021 10:39:17 GMT" time="0.015" errors="0">
  <testcase name="test" time="0.015" classname="org.sample.Groupc"/>
</testsuite> <!-- org.sample.Groupc -->
