<?xml version="1.0" encoding="UTF-8"?>
<!-- Generated by org.testng.reporters.JUnitReportReporter -->
<testsuite hostname="DESKTOP-6OI3343" name="org.sample.Crossbrowser" tests="2" failures="0" timestamp="7 Jan 2021 11:44:01 GMT" time="18.562" errors="0">
  <testcase name="test1" time="9.465" classname="org.sample.Crossbrowser"/>
  <testcase name="test1" time="9.097" classname="org.sample.Crossbrowser"/>
</testsuite> <!-- org.sample.Crossbrowser -->
