<?xml version="1.0" encoding="UTF-8"?>
<!-- Generated by org.testng.reporters.JUnitReportReporter -->
<testsuite hostname="DESKTOP-6OI3343" name="org.sample.Groupd" tests="3" failures="0" timestamp="7 Jan 2021 10:39:17 GMT" time="0.047" errors="0">
  <testcase name="test2" time="0.000" classname="org.sample.Groupd"/>
  <testcase name="test3" time="0.000" classname="org.sample.Groupd"/>
  <testcase name="test1" time="0.047" classname="org.sample.Groupd"/>
</testsuite> <!-- org.sample.Groupd -->
