<?xml version="1.0" encoding="UTF-8"?>
<!-- Generated by org.testng.reporters.JUnitReportReporter -->
<testsuite hostname="DESKTOP-6OI3343" name="org.sample.Sampleparameters" tests="1" failures="0" timestamp="7 Jan 2021 10:29:37 GMT" time="5.769" errors="0">
  <testcase name="test" time="5.769" classname="org.sample.Sampleparameters"/>
</testsuite> <!-- org.sample.Sampleparameters -->
